{"numTotalTestSuites":198,"numPassedTestSuites":198,"numFailedTestSuites":0,"numPendingTestSuites":0,"numTotalTests":603,"numPassedTests":578,"numFailedTests":0,"numPendingTests":25,"numTodoTests":0,"snapshot":{"added":0,"failure":false,"filesAdded":0,"filesRemoved":0,"filesRemovedList":[],"filesUnmatched":0,"filesUpdated":0,"matched":0,"total":0,"unchecked":0,"uncheckedKeysByFile":[],"unmatched":0,"updated":0,"didUpdate":false},"startTime":1760317833475,"success":true,"testResults":[{"assertionResults":[{"ancestorTitles":["MediaTracker","Basic Rendering"],"fullName":"MediaTracker Basic Rendering should render without crashing when storage not connected","status":"passed","title":"should render without crashing when storage not connected","duration":54.89924999999994,"failureMessages":[],"meta":{}},{"ancestorTitles":["MediaTracker","Basic Rendering"],"fullName":"MediaTracker Basic Rendering should render without crashing when storage is connected","status":"passed","title":"should render without crashing when storage is connected","duration":46.14474999999993,"failureMessages":[],"meta":{}},{"ancestorTitles":["MediaTracker","Component Interactions"],"fullName":"MediaTracker Component Interactions should handle rendering with items","status":"passed","title":"should handle rendering with items","duration":12.328416999999945,"failureMessages":[],"meta":{}},{"ancestorTitles":["MediaTracker","Component Interactions"],"fullName":"MediaTracker Component Interactions should handle empty item state","status":"passed","title":"should handle empty item state","duration":9.312167000000045,"failureMessages":[],"meta":{}},{"ancestorTitles":["MediaTracker","Component Interactions"],"fullName":"MediaTracker Component Interactions should handle selection mode","status":"passed","title":"should handle selection mode","duration":14.732082999999875,"failureMessages":[],"meta":{}},{"ancestorTitles":["MediaTracker","Different States"],"fullName":"MediaTracker Different States should render with various theme sizes","status":"passed","title":"should render with various theme sizes","duration":125.16308400000003,"failureMessages":[],"meta":{}},{"ancestorTitles":["MediaTracker","Different States"],"fullName":"MediaTracker Different States should render with filters showing","status":"passed","title":"should render with filters showing","duration":22.95579100000009,"failureMessages":[],"meta":{}},{"ancestorTitles":["MediaTracker","Different States"],"fullName":"MediaTracker Different States should render with active filters","status":"passed","title":"should render with active filters","duration":16.620249999999942,"failureMessages":[],"meta":{}},{"ancestorTitles":["MediaTracker","Different States"],"fullName":"MediaTracker Different States should render with loading state","status":"passed","title":"should render with loading state","duration":25.041333000000122,"failureMessages":[],"meta":{}},{"ancestorTitles":["MediaTracker","Different States"],"fullName":"MediaTracker Different States should render with Google Drive storage","status":"passed","title":"should render with Google Drive storage","duration":14.72745800000007,"failureMessages":[],"meta":{}},{"ancestorTitles":["MediaTracker","Footer"],"fullName":"MediaTracker Footer should render footer with links","status":"passed","title":"should render footer with links","duration":18.274249999999938,"failureMessages":[],"meta":{}}],"startTime":1760317834569,"endTime":1760317834930.2742,"status":"passed","message":"","name":"/Users/ssledzieski/Documents/media-tracker/src/__tests__/MediaTracker.test.jsx"},{"assertionResults":[{"ancestorTitles":["ApiKeyManager","Initial State"],"fullName":"ApiKeyManager Initial State should show the manager if no API key is configured","status":"passed","title":"should show the manager if no API key is configured","duration":22.14204200000006,"failureMessages":[],"meta":{}},{"ancestorTitles":["ApiKeyManager","Initial State"],"fullName":"ApiKeyManager Initial State should hide the manager if API key exists","status":"passed","title":"should hide the manager if API key exists","duration":3.2244579999999132,"failureMessages":[],"meta":{}},{"ancestorTitles":["ApiKeyManager","Initial State"],"fullName":"ApiKeyManager Initial State should load existing API key into input field","status":"passed","title":"should load existing API key into input field","duration":4.291832999999997,"failureMessages":[],"meta":{}},{"ancestorTitles":["ApiKeyManager","Showing/Hiding Panel"],"fullName":"ApiKeyManager Showing/Hiding Panel should show panel when \"Manage API Key\" button is clicked","status":"passed","title":"should show panel when \"Manage API Key\" button is clicked","duration":22.005374999999958,"failureMessages":[],"meta":{}},{"ancestorTitles":["ApiKeyManager","Showing/Hiding Panel"],"fullName":"ApiKeyManager Showing/Hiding Panel should hide panel when \"Hide this panel\" is clicked (if API key exists)","status":"passed","title":"should hide panel when \"Hide this panel\" is clicked (if API key exists)","duration":21.018792000000076,"failureMessages":[],"meta":{}},{"ancestorTitles":["ApiKeyManager","Showing/Hiding Panel"],"fullName":"ApiKeyManager Showing/Hiding Panel should not show \"Hide this panel\" button if no API key exists","status":"passed","title":"should not show \"Hide this panel\" button if no API key exists","duration":3.4481250000000045,"failureMessages":[],"meta":{}},{"ancestorTitles":["ApiKeyManager","Saving API Key"],"fullName":"ApiKeyManager Saving API Key should save API key when Save button is clicked","status":"passed","title":"should save API key when Save button is clicked","duration":66.65441600000008,"failureMessages":[],"meta":{}},{"ancestorTitles":["ApiKeyManager","Saving API Key"],"fullName":"ApiKeyManager Saving API Key should trim whitespace from API key before saving","status":"passed","title":"should trim whitespace from API key before saving","duration":95.25245799999993,"failureMessages":[],"meta":{}},{"ancestorTitles":["ApiKeyManager","Saving API Key"],"fullName":"ApiKeyManager Saving API Key should save successfully and hide panel when key is provided","status":"passed","title":"should save successfully and hide panel when key is provided","duration":47.24829199999999,"failureMessages":[],"meta":{}},{"ancestorTitles":["ApiKeyManager","Saving API Key"],"fullName":"ApiKeyManager Saving API Key should call onApiKeyChange callback after successful save","status":"passed","title":"should call onApiKeyChange callback after successful save","duration":67.19624999999996,"failureMessages":[],"meta":{}},{"ancestorTitles":["ApiKeyManager","Saving API Key"],"fullName":"ApiKeyManager Saving API Key should hide panel after saving if API key is now set","status":"passed","title":"should hide panel after saving if API key is now set","duration":41.91583300000002,"failureMessages":[],"meta":{}},{"ancestorTitles":["ApiKeyManager","Saving API Key"],"fullName":"ApiKeyManager Saving API Key should disable Save button when input is empty","status":"passed","title":"should disable Save button when input is empty","duration":2.9523750000000746,"failureMessages":[],"meta":{}},{"ancestorTitles":["ApiKeyManager","Saving API Key"],"fullName":"ApiKeyManager Saving API Key should enable Save button when input has value","status":"passed","title":"should enable Save button when input has value","duration":35.061375,"failureMessages":[],"meta":{}},{"ancestorTitles":["ApiKeyManager","UI Content"],"fullName":"ApiKeyManager UI Content should display instructions for getting an API key","status":"passed","title":"should display instructions for getting an API key","duration":4.8503749999999854,"failureMessages":[],"meta":{}},{"ancestorTitles":["ApiKeyManager","UI Content"],"fullName":"ApiKeyManager UI Content should have link to OMDb API website","status":"passed","title":"should have link to OMDb API website","duration":3.418542000000116,"failureMessages":[],"meta":{}},{"ancestorTitles":["ApiKeyManager","UI Content"],"fullName":"ApiKeyManager UI Content should display Key icon","status":"passed","title":"should display Key icon","duration":2.2637500000000728,"failureMessages":[],"meta":{}},{"ancestorTitles":["ApiKeyManager","UI Content"],"fullName":"ApiKeyManager UI Content should render password input for security","status":"passed","title":"should render password input for security","duration":9.673166999999921,"failureMessages":[],"meta":{}},{"ancestorTitles":["ApiKeyManager","Panel State Persistence"],"fullName":"ApiKeyManager Panel State Persistence should not allow hiding panel when no API key exists","status":"passed","title":"should not allow hiding panel when no API key exists","duration":2.272000000000162,"failureMessages":[],"meta":{}}],"startTime":1760317834428,"endTime":1760317834883.272,"status":"passed","message":"","name":"/Users/ssledzieski/Documents/media-tracker/src/components/__tests__/ApiKeyManager.test.jsx"},{"assertionResults":[{"ancestorTitles":["LandingPage","Rendering"],"fullName":"LandingPage Rendering should render the hero section with logo and title","status":"passed","title":"should render the hero section with logo and title","duration":33.64337499999999,"failureMessages":[],"meta":{}},{"ancestorTitles":["LandingPage","Rendering"],"fullName":"LandingPage Rendering should render CTA buttons","status":"passed","title":"should render CTA buttons","duration":13.292583000000036,"failureMessages":[],"meta":{}},{"ancestorTitles":["LandingPage","Rendering"],"fullName":"LandingPage Rendering should render features section","status":"passed","title":"should render features section","duration":10.235667000000035,"failureMessages":[],"meta":{}},{"ancestorTitles":["LandingPage","Rendering"],"fullName":"LandingPage Rendering should render storage selection section","status":"passed","title":"should render storage selection section","duration":8.134667000000036,"failureMessages":[],"meta":{}},{"ancestorTitles":["LandingPage","Rendering"],"fullName":"LandingPage Rendering should render all four feature cards","status":"passed","title":"should render all four feature cards","duration":7.334959000000026,"failureMessages":[],"meta":{}},{"ancestorTitles":["LandingPage","Screenshot Carousel"],"fullName":"LandingPage Screenshot Carousel should render carousel with first screenshot","status":"passed","title":"should render carousel with first screenshot","duration":8.54058299999997,"failureMessages":[],"meta":{}},{"ancestorTitles":["LandingPage","Screenshot Carousel"],"fullName":"LandingPage Screenshot Carousel should render navigation arrows","status":"passed","title":"should render navigation arrows","duration":6.087958999999955,"failureMessages":[],"meta":{}},{"ancestorTitles":["LandingPage","Screenshot Carousel"],"fullName":"LandingPage Screenshot Carousel should render slide indicators","status":"passed","title":"should render slide indicators","duration":5.388666999999941,"failureMessages":[],"meta":{}},{"ancestorTitles":["LandingPage","Screenshot Carousel"],"fullName":"LandingPage Screenshot Carousel should advance to next slide when next button clicked","status":"skipped","title":"should advance to next slide when next button clicked","failureMessages":[],"meta":{}},{"ancestorTitles":["LandingPage","Screenshot Carousel"],"fullName":"LandingPage Screenshot Carousel should go to previous slide when prev button clicked","status":"skipped","title":"should go to previous slide when prev button clicked","failureMessages":[],"meta":{}},{"ancestorTitles":["LandingPage","Screenshot Carousel"],"fullName":"LandingPage Screenshot Carousel should go to specific slide when indicator clicked","status":"skipped","title":"should go to specific slide when indicator clicked","failureMessages":[],"meta":{}},{"ancestorTitles":["LandingPage","Screenshot Carousel"],"fullName":"LandingPage Screenshot Carousel should auto-advance slides","status":"skipped","title":"should auto-advance slides","failureMessages":[],"meta":{}},{"ancestorTitles":["LandingPage","Screenshot Carousel"],"fullName":"LandingPage Screenshot Carousel should stop auto-play when user clicks indicator","status":"skipped","title":"should stop auto-play when user clicks indicator","failureMessages":[],"meta":{}},{"ancestorTitles":["LandingPage","Screenshot Carousel"],"fullName":"LandingPage Screenshot Carousel should wrap to first slide from last slide","status":"skipped","title":"should wrap to first slide from last slide","failureMessages":[],"meta":{}},{"ancestorTitles":["LandingPage","Navigation"],"fullName":"LandingPage Navigation should have View Features and Get Started buttons","status":"passed","title":"should have View Features and Get Started buttons","duration":9.873207999999977,"failureMessages":[],"meta":{}},{"ancestorTitles":["LandingPage","Navigation"],"fullName":"LandingPage Navigation should expose scrollToStorage method via ref","status":"passed","title":"should expose scrollToStorage method via ref","duration":8.426874999999995,"failureMessages":[],"meta":{}},{"ancestorTitles":["LandingPage","Storage Integration"],"fullName":"LandingPage Storage Integration should pass onStorageSelect to StorageSelector","status":"passed","title":"should pass onStorageSelect to StorageSelector","duration":3.880625000000009,"failureMessages":[],"meta":{}},{"ancestorTitles":["LandingPage","Storage Integration"],"fullName":"LandingPage Storage Integration should pass availableOptions to StorageSelector","status":"passed","title":"should pass availableOptions to StorageSelector","duration":5.458499999999958,"failureMessages":[],"meta":{}},{"ancestorTitles":["LandingPage","Storage Integration"],"fullName":"LandingPage Storage Integration should pass error to StorageSelector","status":"passed","title":"should pass error to StorageSelector","duration":3.874041000000034,"failureMessages":[],"meta":{}},{"ancestorTitles":["LandingPage","Storage Integration"],"fullName":"LandingPage Storage Integration should pass isLoading to StorageSelector","status":"passed","title":"should pass isLoading to StorageSelector","duration":7.6847080000000005,"failureMessages":[],"meta":{}},{"ancestorTitles":["LandingPage","Storage Integration"],"fullName":"LandingPage Storage Integration should pass loadProgress to StorageSelector","status":"passed","title":"should pass loadProgress to StorageSelector","duration":4.4783330000000205,"failureMessages":[],"meta":{}},{"ancestorTitles":["LandingPage","Storage Integration"],"fullName":"LandingPage Storage Integration should call onStorageSelect when storage option selected","status":"passed","title":"should call onStorageSelect when storage option selected","duration":9.08312500000011,"failureMessages":[],"meta":{}},{"ancestorTitles":["LandingPage","Accessibility"],"fullName":"LandingPage Accessibility should have proper heading hierarchy","status":"passed","title":"should have proper heading hierarchy","duration":5.733916000000136,"failureMessages":[],"meta":{}},{"ancestorTitles":["LandingPage","Accessibility"],"fullName":"LandingPage Accessibility should have aria-labels for buttons","status":"passed","title":"should have aria-labels for buttons","duration":40.12633400000004,"failureMessages":[],"meta":{}},{"ancestorTitles":["LandingPage","Accessibility"],"fullName":"LandingPage Accessibility should have section with features heading","status":"passed","title":"should have section with features heading","duration":5.191749999999956,"failureMessages":[],"meta":{}},{"ancestorTitles":["LandingPage","Accessibility"],"fullName":"LandingPage Accessibility should have alt text for all images","status":"passed","title":"should have alt text for all images","duration":3.827541999999994,"failureMessages":[],"meta":{}},{"ancestorTitles":["LandingPage","Responsive Behavior"],"fullName":"LandingPage Responsive Behavior should render CTA buttons with proper classes","status":"passed","title":"should render CTA buttons with proper classes","duration":22.332375000000184,"failureMessages":[],"meta":{}},{"ancestorTitles":["LandingPage","Responsive Behavior"],"fullName":"LandingPage Responsive Behavior should have responsive text on title","status":"passed","title":"should have responsive text on title","duration":8.304540999999972,"failureMessages":[],"meta":{}},{"ancestorTitles":["LandingPage","Edge Cases"],"fullName":"LandingPage Edge Cases should handle empty availableOptions","status":"passed","title":"should handle empty availableOptions","duration":4.984166000000187,"failureMessages":[],"meta":{}},{"ancestorTitles":["LandingPage","Edge Cases"],"fullName":"LandingPage Edge Cases should handle null loadProgress","status":"passed","title":"should handle null loadProgress","duration":3.746499999999969,"failureMessages":[],"meta":{}},{"ancestorTitles":["LandingPage","Edge Cases"],"fullName":"LandingPage Edge Cases should handle clicking same slide indicator","status":"skipped","title":"should handle clicking same slide indicator","failureMessages":[],"meta":{}},{"ancestorTitles":["LandingPage","Edge Cases"],"fullName":"LandingPage Edge Cases should handle rapid carousel navigation","status":"skipped","title":"should handle rapid carousel navigation","failureMessages":[],"meta":{}},{"ancestorTitles":["LandingPage","Edge Cases"],"fullName":"LandingPage Edge Cases should cleanup carousel interval on unmount","status":"skipped","title":"should cleanup carousel interval on unmount","failureMessages":[],"meta":{}},{"ancestorTitles":["LandingPage","Carousel Mouse Interaction"],"fullName":"LandingPage Carousel Mouse Interaction should pause auto-play on mouse enter","status":"skipped","title":"should pause auto-play on mouse enter","failureMessages":[],"meta":{}},{"ancestorTitles":["LandingPage","Carousel Mouse Interaction"],"fullName":"LandingPage Carousel Mouse Interaction should resume auto-play on mouse leave","status":"skipped","title":"should resume auto-play on mouse leave","failureMessages":[],"meta":{}},{"ancestorTitles":["LandingPage","Feature Cards"],"fullName":"LandingPage Feature Cards should render feature cards","status":"passed","title":"should render feature cards","duration":13.736124999999902,"failureMessages":[],"meta":{}}],"startTime":1760317834423,"endTime":1760317834676.736,"status":"passed","message":"","name":"/Users/ssledzieski/Documents/media-tracker/src/components/__tests__/LandingPage.test.jsx"},{"assertionResults":[{"ancestorTitles":["StorageIndicator","Rendering"],"fullName":"StorageIndicator Rendering should not render if no storage adapter is provided","status":"passed","title":"should not render if no storage adapter is provided","duration":9.246375000000057,"failureMessages":[],"meta":{}},{"ancestorTitles":["StorageIndicator","Rendering"],"fullName":"StorageIndicator Rendering should render indicator button when storage adapter exists","status":"passed","title":"should render indicator button when storage adapter exists","duration":8.311083999999937,"failureMessages":[],"meta":{}},{"ancestorTitles":["StorageIndicator","Rendering"],"fullName":"StorageIndicator Rendering should show FolderOpen icon for filesystem storage","status":"passed","title":"should show FolderOpen icon for filesystem storage","duration":2.6625000000000227,"failureMessages":[],"meta":{}},{"ancestorTitles":["StorageIndicator","Rendering"],"fullName":"StorageIndicator Rendering should show Cloud icon for Google Drive storage","status":"passed","title":"should show Cloud icon for Google Drive storage","duration":1.7879159999999956,"failureMessages":[],"meta":{}},{"ancestorTitles":["StorageIndicator","Rendering"],"fullName":"StorageIndicator Rendering should show Wifi icon when connected","status":"passed","title":"should show Wifi icon when connected","duration":2.5986250000000837,"failureMessages":[],"meta":{}},{"ancestorTitles":["StorageIndicator","Rendering"],"fullName":"StorageIndicator Rendering should show WifiOff icon when disconnected","status":"passed","title":"should show WifiOff icon when disconnected","duration":1.2672079999999823,"failureMessages":[],"meta":{}},{"ancestorTitles":["StorageIndicator","Panel Expansion"],"fullName":"StorageIndicator Panel Expansion should expand panel when indicator button is clicked","status":"passed","title":"should expand panel when indicator button is clicked","duration":19.633916999999997,"failureMessages":[],"meta":{}},{"ancestorTitles":["StorageIndicator","Panel Expansion"],"fullName":"StorageIndicator Panel Expansion should close panel when backdrop is clicked","status":"passed","title":"should close panel when backdrop is clicked","duration":28.390792000000033,"failureMessages":[],"meta":{}},{"ancestorTitles":["StorageIndicator","Panel Expansion"],"fullName":"StorageIndicator Panel Expansion should toggle panel when indicator button is clicked again","status":"passed","title":"should toggle panel when indicator button is clicked again","duration":20.041375000000016,"failureMessages":[],"meta":{}},{"ancestorTitles":["StorageIndicator","Panel Content"],"fullName":"StorageIndicator Panel Content should display storage type and location","status":"passed","title":"should display storage type and location","duration":10.727209000000016,"failureMessages":[],"meta":{}},{"ancestorTitles":["StorageIndicator","Panel Content"],"fullName":"StorageIndicator Panel Content should display Google Drive info correctly","status":"passed","title":"should display Google Drive info correctly","duration":9.82491600000003,"failureMessages":[],"meta":{}},{"ancestorTitles":["StorageIndicator","Panel Content"],"fullName":"StorageIndicator Panel Content should show \"Disconnected\" status when not connected","status":"passed","title":"should show \"Disconnected\" status when not connected","duration":14.460291000000097,"failureMessages":[],"meta":{}},{"ancestorTitles":["StorageIndicator","Switch Storage Action"],"fullName":"StorageIndicator Switch Storage Action should call onSwitchStorage when Switch Storage button is clicked","status":"passed","title":"should call onSwitchStorage when Switch Storage button is clicked","duration":15.787250000000085,"failureMessages":[],"meta":{}},{"ancestorTitles":["StorageIndicator","Switch Storage Action"],"fullName":"StorageIndicator Switch Storage Action should close panel after switching storage","status":"passed","title":"should close panel after switching storage","duration":20.01783300000011,"failureMessages":[],"meta":{}},{"ancestorTitles":["StorageIndicator","Keyboard Shortcuts"],"fullName":"StorageIndicator Keyboard Shortcuts should close panel when Escape key is pressed","status":"passed","title":"should close panel when Escape key is pressed","duration":18.665250000000015,"failureMessages":[],"meta":{}},{"ancestorTitles":["StorageIndicator","Keyboard Shortcuts"],"fullName":"StorageIndicator Keyboard Shortcuts should switch storage when Cmd+Enter is pressed","status":"passed","title":"should switch storage when Cmd+Enter is pressed","duration":23.339375000000018,"failureMessages":[],"meta":{}},{"ancestorTitles":["StorageIndicator","Keyboard Shortcuts"],"fullName":"StorageIndicator Keyboard Shortcuts should switch storage when Ctrl+Enter is pressed","status":"passed","title":"should switch storage when Ctrl+Enter is pressed","duration":19.706249999999955,"failureMessages":[],"meta":{}},{"ancestorTitles":["StorageIndicator","Keyboard Shortcuts"],"fullName":"StorageIndicator Keyboard Shortcuts should not register keyboard shortcuts when panel is closed","status":"passed","title":"should not register keyboard shortcuts when panel is closed","duration":9.14041599999996,"failureMessages":[],"meta":{}},{"ancestorTitles":["StorageIndicator","Imperative Handle Methods"],"fullName":"StorageIndicator Imperative Handle Methods should expose openModal method via ref","status":"passed","title":"should expose openModal method via ref","duration":3.2388750000000073,"failureMessages":[],"meta":{}},{"ancestorTitles":["StorageIndicator","Imperative Handle Methods"],"fullName":"StorageIndicator Imperative Handle Methods should expose closeModal method via ref","status":"passed","title":"should expose closeModal method via ref","duration":5.149000000000115,"failureMessages":[],"meta":{}},{"ancestorTitles":["StorageIndicator","Imperative Handle Methods"],"fullName":"StorageIndicator Imperative Handle Methods should expose toggleModal method via ref","status":"passed","title":"should expose toggleModal method via ref","duration":9.639790999999832,"failureMessages":[],"meta":{}},{"ancestorTitles":["StorageIndicator","Imperative Handle Methods"],"fullName":"StorageIndicator Imperative Handle Methods should expose isOpen method via ref","status":"passed","title":"should expose isOpen method via ref","duration":4.69829199999981,"failureMessages":[],"meta":{}},{"ancestorTitles":["StorageIndicator","Visual States"],"fullName":"StorageIndicator Visual States should apply green border when filesystem is connected","status":"passed","title":"should apply green border when filesystem is connected","duration":1.0121250000001965,"failureMessages":[],"meta":{}},{"ancestorTitles":["StorageIndicator","Visual States"],"fullName":"StorageIndicator Visual States should apply blue border when Google Drive is connected","status":"passed","title":"should apply blue border when Google Drive is connected","duration":0.7519580000000587,"failureMessages":[],"meta":{}},{"ancestorTitles":["StorageIndicator","Visual States"],"fullName":"StorageIndicator Visual States should apply red border when disconnected","status":"passed","title":"should apply red border when disconnected","duration":0.8270830000001297,"failureMessages":[],"meta":{}}],"startTime":1760317834425,"endTime":1760317834686.8271,"status":"passed","message":"","name":"/Users/ssledzieski/Documents/media-tracker/src/components/__tests__/StorageIndicator.test.jsx"},{"assertionResults":[{"ancestorTitles":["StorageSelector","Basic Rendering"],"fullName":"StorageSelector Basic Rendering should render storage options","status":"passed","title":"should render storage options","duration":20.389415999999983,"failureMessages":[],"meta":{}},{"ancestorTitles":["StorageSelector","Basic Rendering"],"fullName":"StorageSelector Basic Rendering should show option descriptions","status":"passed","title":"should show option descriptions","duration":4.680500000000052,"failureMessages":[],"meta":{}},{"ancestorTitles":["StorageSelector","Storage Selection"],"fullName":"StorageSelector Storage Selection should call onStorageSelect when filesystem option is clicked","status":"passed","title":"should call onStorageSelect when filesystem option is clicked","duration":22.919083,"failureMessages":[],"meta":{}},{"ancestorTitles":["StorageSelector","Storage Selection"],"fullName":"StorageSelector Storage Selection should not call onStorageSelect for disabled options","status":"passed","title":"should not call onStorageSelect for disabled options","duration":11.690334000000007,"failureMessages":[],"meta":{}},{"ancestorTitles":["StorageSelector","Loading State"],"fullName":"StorageSelector Loading State should show loading progress when isLoading is true","status":"passed","title":"should show loading progress when isLoading is true","duration":7.978541999999948,"failureMessages":[],"meta":{}},{"ancestorTitles":["StorageSelector","Loading State"],"fullName":"StorageSelector Loading State should disable options during loading","status":"passed","title":"should disable options during loading","duration":7.0125000000000455,"failureMessages":[],"meta":{}},{"ancestorTitles":["StorageSelector","Error State"],"fullName":"StorageSelector Error State should display error message when error prop is provided","status":"passed","title":"should display error message when error prop is provided","duration":3.663458999999989,"failureMessages":[],"meta":{}},{"ancestorTitles":["StorageSelector","Error State"],"fullName":"StorageSelector Error State should show troubleshooting tips for popup errors","status":"passed","title":"should show troubleshooting tips for popup errors","duration":3.8077090000000453,"failureMessages":[],"meta":{}},{"ancestorTitles":["StorageSelector","Disabled Options"],"fullName":"StorageSelector Disabled Options should show not supported message for disabled options","status":"passed","title":"should show not supported message for disabled options","duration":11.8644579999999,"failureMessages":[],"meta":{}},{"ancestorTitles":["StorageSelector","Disabled Options"],"fullName":"StorageSelector Disabled Options should apply disabled styling to unsupported options","status":"passed","title":"should apply disabled styling to unsupported options","duration":3.139874999999961,"failureMessages":[],"meta":{}}],"startTime":1760317834443,"endTime":1760317834541.14,"status":"passed","message":"","name":"/Users/ssledzieski/Documents/media-tracker/src/components/__tests__/StorageSelector.test.jsx"},{"assertionResults":[{"ancestorTitles":["ToastProvider","Basic Functionality"],"fullName":"ToastProvider Basic Functionality should render children","status":"passed","title":"should render children","duration":17.59266600000001,"failureMessages":[],"meta":{}},{"ancestorTitles":["ToastProvider","Basic Functionality"],"fullName":"ToastProvider Basic Functionality should register with toast service on mount","status":"passed","title":"should register with toast service on mount","duration":1.822999999999979,"failureMessages":[],"meta":{}},{"ancestorTitles":["ToastProvider","Basic Functionality"],"fullName":"ToastProvider Basic Functionality should unregister from toast service on unmount","status":"passed","title":"should unregister from toast service on unmount","duration":2.2539170000000013,"failureMessages":[],"meta":{}},{"ancestorTitles":["ToastProvider","Showing Toasts"],"fullName":"ToastProvider Showing Toasts should show a toast with default options","status":"passed","title":"should show a toast with default options","duration":21.17025000000001,"failureMessages":[],"meta":{}},{"ancestorTitles":["ToastProvider","Showing Toasts"],"fullName":"ToastProvider Showing Toasts should show success toast","status":"passed","title":"should show success toast","duration":9.581583000000023,"failureMessages":[],"meta":{}},{"ancestorTitles":["ToastProvider","Showing Toasts"],"fullName":"ToastProvider Showing Toasts should show error toast","status":"passed","title":"should show error toast","duration":11.914915999999948,"failureMessages":[],"meta":{}},{"ancestorTitles":["ToastProvider","Showing Toasts"],"fullName":"ToastProvider Showing Toasts should show multiple toasts simultaneously","status":"passed","title":"should show multiple toasts simultaneously","duration":16.712292000000048,"failureMessages":[],"meta":{}},{"ancestorTitles":["ToastProvider","Hiding Toasts"],"fullName":"ToastProvider Hiding Toasts should hide toast when clicked","status":"passed","title":"should hide toast when clicked","duration":24.627875000000017,"failureMessages":[],"meta":{}},{"ancestorTitles":["ToastProvider","Hiding Toasts"],"fullName":"ToastProvider Hiding Toasts should hide specific toast by ID","status":"passed","title":"should hide specific toast by ID","duration":18.364417000000003,"failureMessages":[],"meta":{}},{"ancestorTitles":["ToastProvider","Accessibility"],"fullName":"ToastProvider Accessibility should have role=\"status\" for accessibility","status":"passed","title":"should have role=\"status\" for accessibility","duration":8.352082999999993,"failureMessages":[],"meta":{}},{"ancestorTitles":["ToastProvider","Styling"],"fullName":"ToastProvider Styling should apply error styling for error toasts","status":"passed","title":"should apply error styling for error toasts","duration":12.105583000000024,"failureMessages":[],"meta":{}}],"startTime":1760317834394,"endTime":1760317834539.1055,"status":"passed","message":"","name":"/Users/ssledzieski/Documents/media-tracker/src/components/__tests__/ToastProvider.test.jsx"},{"assertionResults":[{"ancestorTitles":["useFilters","initialization"],"fullName":"useFilters initialization should initialize with default values","status":"passed","title":"should initialize with default values","duration":15.761834000000022,"failureMessages":[],"meta":{}},{"ancestorTitles":["useFilters","initialization"],"fullName":"useFilters initialization should compute filtered and sorted items on init","status":"passed","title":"should compute filtered and sorted items on init","duration":1.3315830000000233,"failureMessages":[],"meta":{}},{"ancestorTitles":["useFilters","initialization"],"fullName":"useFilters initialization should compute all tags from items","status":"passed","title":"should compute all tags from items","duration":1.5191659999999274,"failureMessages":[],"meta":{}},{"ancestorTitles":["useFilters","initialization"],"fullName":"useFilters initialization should compute all statuses from items","status":"passed","title":"should compute all statuses from items","duration":0.8247499999999945,"failureMessages":[],"meta":{}},{"ancestorTitles":["useFilters","search filter"],"fullName":"useFilters search filter should filter items by search term","status":"passed","title":"should filter items by search term","duration":1.9962920000000395,"failureMessages":[],"meta":{}},{"ancestorTitles":["useFilters","search filter"],"fullName":"useFilters search filter should be case-insensitive","status":"passed","title":"should be case-insensitive","duration":0.5973330000000487,"failureMessages":[],"meta":{}},{"ancestorTitles":["useFilters","type filter"],"fullName":"useFilters type filter should filter by book type","status":"passed","title":"should filter by book type","duration":0.8990000000000009,"failureMessages":[],"meta":{}},{"ancestorTitles":["useFilters","type filter"],"fullName":"useFilters type filter should filter by movie type","status":"passed","title":"should filter by movie type","duration":0.665416999999934,"failureMessages":[],"meta":{}},{"ancestorTitles":["useFilters","type filter"],"fullName":"useFilters type filter should cycle through filter types","status":"passed","title":"should cycle through filter types","duration":1.2295420000000377,"failureMessages":[],"meta":{}},{"ancestorTitles":["useFilters","rating filter"],"fullName":"useFilters rating filter should filter by minimum rating","status":"passed","title":"should filter by minimum rating","duration":0.4666670000000295,"failureMessages":[],"meta":{}},{"ancestorTitles":["useFilters","rating filter"],"fullName":"useFilters rating filter should exclude unrated items","status":"passed","title":"should exclude unrated items","duration":0.49012500000003456,"failureMessages":[],"meta":{}},{"ancestorTitles":["useFilters","tag filter"],"fullName":"useFilters tag filter should filter by single tag","status":"passed","title":"should filter by single tag","duration":0.41458399999999074,"failureMessages":[],"meta":{}},{"ancestorTitles":["useFilters","tag filter"],"fullName":"useFilters tag filter should filter by multiple tags (AND logic)","status":"passed","title":"should filter by multiple tags (AND logic)","duration":0.4522919999999431,"failureMessages":[],"meta":{}},{"ancestorTitles":["useFilters","tag filter"],"fullName":"useFilters tag filter should toggle tag off","status":"passed","title":"should toggle tag off","duration":0.5266249999999673,"failureMessages":[],"meta":{}},{"ancestorTitles":["useFilters","status filter"],"fullName":"useFilters status filter should filter by status","status":"passed","title":"should filter by status","duration":0.38879099999996924,"failureMessages":[],"meta":{}},{"ancestorTitles":["useFilters","status filter"],"fullName":"useFilters status filter should toggle status off","status":"passed","title":"should toggle status off","duration":0.4268329999999878,"failureMessages":[],"meta":{}},{"ancestorTitles":["useFilters","sorting"],"fullName":"useFilters sorting should sort by date consumed descending by default","status":"passed","title":"should sort by date consumed descending by default","duration":0.30166699999995217,"failureMessages":[],"meta":{}},{"ancestorTitles":["useFilters","sorting"],"fullName":"useFilters sorting should toggle sort order","status":"passed","title":"should toggle sort order","duration":0.43441600000005565,"failureMessages":[],"meta":{}},{"ancestorTitles":["useFilters","sorting"],"fullName":"useFilters sorting should sort by title","status":"passed","title":"should sort by title","duration":0.3849169999999731,"failureMessages":[],"meta":{}},{"ancestorTitles":["useFilters","sorting"],"fullName":"useFilters sorting should sort by rating","status":"passed","title":"should sort by rating","duration":0.3557499999999436,"failureMessages":[],"meta":{}},{"ancestorTitles":["useFilters","clear filters"],"fullName":"useFilters clear filters should clear all filters","status":"passed","title":"should clear all filters","duration":0.5075829999999542,"failureMessages":[],"meta":{}},{"ancestorTitles":["useFilters","hasActiveFilters"],"fullName":"useFilters hasActiveFilters should return false when no filters are active","status":"passed","title":"should return false when no filters are active","duration":0.3204169999999067,"failureMessages":[],"meta":{}},{"ancestorTitles":["useFilters","hasActiveFilters"],"fullName":"useFilters hasActiveFilters should return true when search term is set","status":"passed","title":"should return true when search term is set","duration":0.3506249999999227,"failureMessages":[],"meta":{}},{"ancestorTitles":["useFilters","hasActiveFilters"],"fullName":"useFilters hasActiveFilters should return true when type filter is set","status":"passed","title":"should return true when type filter is set","duration":3.9142080000000306,"failureMessages":[],"meta":{}},{"ancestorTitles":["useFilters","hasActiveFilters"],"fullName":"useFilters hasActiveFilters should return true when rating filter is set","status":"passed","title":"should return true when rating filter is set","duration":0.4437080000000151,"failureMessages":[],"meta":{}},{"ancestorTitles":["useFilters","hasActiveFilters"],"fullName":"useFilters hasActiveFilters should return true when tags are filtered","status":"passed","title":"should return true when tags are filtered","duration":0.35554100000001654,"failureMessages":[],"meta":{}},{"ancestorTitles":["useFilters","hasActiveFilters"],"fullName":"useFilters hasActiveFilters should return true when statuses are filtered","status":"passed","title":"should return true when statuses are filtered","duration":0.4039579999999887,"failureMessages":[],"meta":{}},{"ancestorTitles":["useFilters","show filters toggle"],"fullName":"useFilters show filters toggle should toggle show filters state","status":"passed","title":"should toggle show filters state","duration":0.377207999999996,"failureMessages":[],"meta":{}}],"startTime":1760317834419,"endTime":1760317834456.3772,"status":"passed","message":"","name":"/Users/ssledzieski/Documents/media-tracker/src/hooks/__tests__/useFilters.test.js"},{"assertionResults":[{"ancestorTitles":["useItems","initialization"],"fullName":"useItems initialization should initialize with empty state","status":"passed","title":"should initialize with empty state","duration":8.942083000000025,"failureMessages":[],"meta":{}},{"ancestorTitles":["useItems","initialization"],"fullName":"useItems initialization should initialize storage adapter","status":"passed","title":"should initialize storage adapter","duration":2.225332999999978,"failureMessages":[],"meta":{}},{"ancestorTitles":["useItems","initialization"],"fullName":"useItems initialization should initialize storage with preferred type","status":"passed","title":"should initialize storage with preferred type","duration":1.7237079999999878,"failureMessages":[],"meta":{}},{"ancestorTitles":["useItems","initialization"],"fullName":"useItems initialization should handle initialization errors","status":"passed","title":"should handle initialization errors","duration":5.2857910000000174,"failureMessages":[],"meta":{}},{"ancestorTitles":["useItems","loadItems"],"fullName":"useItems loadItems should load items from storage","status":"passed","title":"should load items from storage","duration":2.7406670000000304,"failureMessages":[],"meta":{}},{"ancestorTitles":["useItems","loadItems"],"fullName":"useItems loadItems should not load if adapter not connected","status":"passed","title":"should not load if adapter not connected","duration":1.3840000000000146,"failureMessages":[],"meta":{}},{"ancestorTitles":["useItems","loadItems"],"fullName":"useItems loadItems should handle progress callback","status":"passed","title":"should handle progress callback","duration":3.344957999999906,"failureMessages":[],"meta":{}},{"ancestorTitles":["useItems","loadItems"],"fullName":"useItems loadItems should handle load errors with toast","status":"passed","title":"should handle load errors with toast","duration":3.6311249999999973,"failureMessages":[],"meta":{}},{"ancestorTitles":["useItems","saveItem"],"fullName":"useItems saveItem should save a new item","status":"passed","title":"should save a new item","duration":1.7359579999999823,"failureMessages":[],"meta":{}},{"ancestorTitles":["useItems","saveItem"],"fullName":"useItems saveItem should update existing item","status":"passed","title":"should update existing item","duration":0.9260419999999385,"failureMessages":[],"meta":{}},{"ancestorTitles":["useItems","saveItem"],"fullName":"useItems saveItem should throw error if not connected","status":"passed","title":"should throw error if not connected","duration":0.44487499999991087,"failureMessages":[],"meta":{}},{"ancestorTitles":["useItems","saveItem"],"fullName":"useItems saveItem should handle save errors","status":"passed","title":"should handle save errors","duration":2.5429579999999987,"failureMessages":[],"meta":{}},{"ancestorTitles":["useItems","deleteItem"],"fullName":"useItems deleteItem should delete an item","status":"passed","title":"should delete an item","duration":1.820041999999944,"failureMessages":[],"meta":{}},{"ancestorTitles":["useItems","deleteItem"],"fullName":"useItems deleteItem should throw error if not connected","status":"passed","title":"should throw error if not connected","duration":0.5493749999999409,"failureMessages":[],"meta":{}},{"ancestorTitles":["useItems","deleteItem"],"fullName":"useItems deleteItem should return undo info","status":"passed","title":"should return undo info","duration":0.9260840000000599,"failureMessages":[],"meta":{}},{"ancestorTitles":["useItems","deleteItem"],"fullName":"useItems deleteItem should handle delete errors","status":"passed","title":"should handle delete errors","duration":1.2726669999999558,"failureMessages":[],"meta":{}},{"ancestorTitles":["useItems","deleteItems"],"fullName":"useItems deleteItems should delete multiple items","status":"passed","title":"should delete multiple items","duration":4.375749999999925,"failureMessages":[],"meta":{}},{"ancestorTitles":["useItems","deleteItems"],"fullName":"useItems deleteItems should handle parallel deletion with batches","status":"passed","title":"should handle parallel deletion with batches","duration":2.419375000000059,"failureMessages":[],"meta":{}},{"ancestorTitles":["useItems","deleteItems"],"fullName":"useItems deleteItems should throw error if not connected","status":"passed","title":"should throw error if not connected","duration":0.4539999999999509,"failureMessages":[],"meta":{}},{"ancestorTitles":["useItems","deleteItems"],"fullName":"useItems deleteItems should continue on individual item errors","status":"passed","title":"should continue on individual item errors","duration":3.44825000000003,"failureMessages":[],"meta":{}},{"ancestorTitles":["useItems","undoLastDelete"],"fullName":"useItems undoLastDelete should undo last delete","status":"passed","title":"should undo last delete","duration":2.4947089999999434,"failureMessages":[],"meta":{}},{"ancestorTitles":["useItems","undoLastDelete"],"fullName":"useItems undoLastDelete should return null if no undo available","status":"passed","title":"should return null if no undo available","duration":2.403874999999971,"failureMessages":[],"meta":{}},{"ancestorTitles":["useItems","undoLastDelete"],"fullName":"useItems undoLastDelete should return null if not connected","status":"passed","title":"should return null if not connected","duration":0.819417000000044,"failureMessages":[],"meta":{}},{"ancestorTitles":["useItems","undoLastDelete"],"fullName":"useItems undoLastDelete should restore undo info on error","status":"passed","title":"should restore undo info on error","duration":2.3231250000000045,"failureMessages":[],"meta":{}},{"ancestorTitles":["useItems","selectStorage"],"fullName":"useItems selectStorage should select storage and load items","status":"passed","title":"should select storage and load items","duration":1.0024589999999307,"failureMessages":[],"meta":{}},{"ancestorTitles":["useItems","selectStorage"],"fullName":"useItems selectStorage should create new adapter if type differs","status":"passed","title":"should create new adapter if type differs","duration":4.54362500000002,"failureMessages":[],"meta":{}},{"ancestorTitles":["useItems","selectStorage"],"fullName":"useItems selectStorage should handle AbortError silently","status":"passed","title":"should handle AbortError silently","duration":2.198541999999975,"failureMessages":[],"meta":{}},{"ancestorTitles":["useItems","selectStorage"],"fullName":"useItems selectStorage should throw non-AbortErrors","status":"passed","title":"should throw non-AbortErrors","duration":2.3548749999999927,"failureMessages":[],"meta":{}},{"ancestorTitles":["useItems","disconnectStorage"],"fullName":"useItems disconnectStorage should disconnect and clear state","status":"passed","title":"should disconnect and clear state","duration":2.5877499999999145,"failureMessages":[],"meta":{}},{"ancestorTitles":["useItems","disconnectStorage"],"fullName":"useItems disconnectStorage should handle disconnect when no adapter exists","status":"passed","title":"should handle disconnect when no adapter exists","duration":0.6264579999999569,"failureMessages":[],"meta":{}},{"ancestorTitles":["useItems","getAvailableStorageOptions"],"fullName":"useItems getAvailableStorageOptions should return available storage adapters","status":"passed","title":"should return available storage adapters","duration":0.6999170000000277,"failureMessages":[],"meta":{}},{"ancestorTitles":["useItems","applyBatchEdit"],"fullName":"useItems applyBatchEdit should apply changes to multiple items","status":"passed","title":"should apply changes to multiple items","duration":2.543083000000024,"failureMessages":[],"meta":{}},{"ancestorTitles":["useItems","applyBatchEdit"],"fullName":"useItems applyBatchEdit should add tags without duplicates","status":"passed","title":"should add tags without duplicates","duration":4.634917000000087,"failureMessages":[],"meta":{}},{"ancestorTitles":["useItems","applyBatchEdit"],"fullName":"useItems applyBatchEdit should remove tags","status":"passed","title":"should remove tags","duration":2.8137919999999212,"failureMessages":[],"meta":{}},{"ancestorTitles":["useItems","applyBatchEdit"],"fullName":"useItems applyBatchEdit should handle batch processing for many items","status":"passed","title":"should handle batch processing for many items","duration":0.9804169999999885,"failureMessages":[],"meta":{}},{"ancestorTitles":["useItems","applyBatchEdit"],"fullName":"useItems applyBatchEdit should throw error if not connected","status":"passed","title":"should throw error if not connected","duration":0.6399169999999685,"failureMessages":[],"meta":{}},{"ancestorTitles":["useItems","applyBatchEdit"],"fullName":"useItems applyBatchEdit should continue on individual item errors","status":"passed","title":"should continue on individual item errors","duration":2.788499999999999,"failureMessages":[],"meta":{}},{"ancestorTitles":["useItems","applyBatchEdit"],"fullName":"useItems applyBatchEdit should handle all change types","status":"passed","title":"should handle all change types","duration":3.0049169999999776,"failureMessages":[],"meta":{}},{"ancestorTitles":["useItems","loadProgress"],"fullName":"useItems loadProgress should track load progress","status":"passed","title":"should track load progress","duration":1.7888330000000678,"failureMessages":[],"meta":{}}],"startTime":1760317834427,"endTime":1760317834518.7888,"status":"passed","message":"","name":"/Users/ssledzieski/Documents/media-tracker/src/hooks/__tests__/useItems.test.js"},{"assertionResults":[{"ancestorTitles":["useKeyboardNavigation","initialization"],"fullName":"useKeyboardNavigation initialization should initialize with default state","status":"passed","title":"should initialize with default state","duration":10.138874999999985,"failureMessages":[],"meta":{}},{"ancestorTitles":["useKeyboardNavigation","initialization"],"fullName":"useKeyboardNavigation initialization should provide card ref registration","status":"passed","title":"should provide card ref registration","duration":1.1567909999999983,"failureMessages":[],"meta":{}},{"ancestorTitles":["useKeyboardNavigation","initialization"],"fullName":"useKeyboardNavigation initialization should provide focus checking function","status":"passed","title":"should provide focus checking function","duration":1.39487500000007,"failureMessages":[],"meta":{}},{"ancestorTitles":["useKeyboardNavigation","initialization"],"fullName":"useKeyboardNavigation initialization should provide reset focus function","status":"passed","title":"should provide reset focus function","duration":0.7195830000000569,"failureMessages":[],"meta":{}},{"ancestorTitles":["useKeyboardNavigation","escape key"],"fullName":"useKeyboardNavigation escape key should close batch delete modal specifically when open","status":"passed","title":"should close batch delete modal specifically when open","duration":2.0832079999998996,"failureMessages":[],"meta":{}},{"ancestorTitles":["useKeyboardNavigation","escape key"],"fullName":"useKeyboardNavigation escape key should close all modals when batch delete modal not open","status":"passed","title":"should close all modals when batch delete modal not open","duration":0.77049999999997,"failureMessages":[],"meta":{}},{"ancestorTitles":["useKeyboardNavigation","enter key in batch delete modal"],"fullName":"useKeyboardNavigation enter key in batch delete modal should confirm batch delete when modal is open","status":"passed","title":"should confirm batch delete when modal is open","duration":0.6230829999999514,"failureMessages":[],"meta":{}},{"ancestorTitles":["useKeyboardNavigation","enter key in batch delete modal"],"fullName":"useKeyboardNavigation enter key in batch delete modal should not confirm batch delete when modal not open","status":"passed","title":"should not confirm batch delete when modal not open","duration":0.6377919999999904,"failureMessages":[],"meta":{}},{"ancestorTitles":["useKeyboardNavigation","typing detection"],"fullName":"useKeyboardNavigation typing detection should not trigger shortcuts when typing","status":"passed","title":"should not trigger shortcuts when typing","duration":3.521792000000005,"failureMessages":[],"meta":{}},{"ancestorTitles":["useKeyboardNavigation","help shortcut"],"fullName":"useKeyboardNavigation help shortcut should open help with ? key","status":"passed","title":"should open help with ? key","duration":0.7922089999999571,"failureMessages":[],"meta":{}},{"ancestorTitles":["useKeyboardNavigation","help shortcut"],"fullName":"useKeyboardNavigation help shortcut should work even when modal is open","status":"passed","title":"should work even when modal is open","duration":0.6013749999999618,"failureMessages":[],"meta":{}},{"ancestorTitles":["useKeyboardNavigation","customize shortcut"],"fullName":"useKeyboardNavigation customize shortcut should toggle customize with C key","status":"passed","title":"should toggle customize with C key","duration":0.7063329999999723,"failureMessages":[],"meta":{}},{"ancestorTitles":["useKeyboardNavigation","customize shortcut"],"fullName":"useKeyboardNavigation customize shortcut should work with uppercase C","status":"passed","title":"should work with uppercase C","duration":0.5596249999999827,"failureMessages":[],"meta":{}},{"ancestorTitles":["useKeyboardNavigation","customize shortcut"],"fullName":"useKeyboardNavigation customize shortcut should work even when modal is open","status":"passed","title":"should work even when modal is open","duration":4.0903749999999945,"failureMessages":[],"meta":{}},{"ancestorTitles":["useKeyboardNavigation","switch storage shortcut"],"fullName":"useKeyboardNavigation switch storage shortcut should switch storage with T key","status":"passed","title":"should switch storage with T key","duration":0.5587919999999258,"failureMessages":[],"meta":{}},{"ancestorTitles":["useKeyboardNavigation","switch storage shortcut"],"fullName":"useKeyboardNavigation switch storage shortcut should work even when modal is open","status":"passed","title":"should work even when modal is open","duration":0.44770900000003166,"failureMessages":[],"meta":{}},{"ancestorTitles":["useKeyboardNavigation","search shortcuts"],"fullName":"useKeyboardNavigation search shortcuts should focus search with / key","status":"passed","title":"should focus search with / key","duration":0.41466700000000856,"failureMessages":[],"meta":{}},{"ancestorTitles":["useKeyboardNavigation","search shortcuts"],"fullName":"useKeyboardNavigation search shortcuts should focus search with Ctrl+K","status":"passed","title":"should focus search with Ctrl+K","duration":0.4154590000000553,"failureMessages":[],"meta":{}},{"ancestorTitles":["useKeyboardNavigation","search shortcuts"],"fullName":"useKeyboardNavigation search shortcuts should focus search with Cmd+K","status":"passed","title":"should focus search with Cmd+K","duration":0.4137079999999287,"failureMessages":[],"meta":{}},{"ancestorTitles":["useKeyboardNavigation","search shortcuts"],"fullName":"useKeyboardNavigation search shortcuts should not work when modal is open","status":"passed","title":"should not work when modal is open","duration":0.42658300000005056,"failureMessages":[],"meta":{}},{"ancestorTitles":["useKeyboardNavigation","filter shortcuts"],"fullName":"useKeyboardNavigation filter shortcuts should filter all with A key when storage connected","status":"passed","title":"should filter all with A key when storage connected","duration":0.463416000000052,"failureMessages":[],"meta":{}},{"ancestorTitles":["useKeyboardNavigation","filter shortcuts"],"fullName":"useKeyboardNavigation filter shortcuts should not filter all when in selection mode","status":"passed","title":"should not filter all when in selection mode","duration":0.85187499999995,"failureMessages":[],"meta":{}},{"ancestorTitles":["useKeyboardNavigation","filter shortcuts"],"fullName":"useKeyboardNavigation filter shortcuts should filter books with B key","status":"passed","title":"should filter books with B key","duration":0.8321250000000191,"failureMessages":[],"meta":{}},{"ancestorTitles":["useKeyboardNavigation","filter shortcuts"],"fullName":"useKeyboardNavigation filter shortcuts should filter movies with M key","status":"passed","title":"should filter movies with M key","duration":0.6701669999999922,"failureMessages":[],"meta":{}},{"ancestorTitles":["useKeyboardNavigation","filter shortcuts"],"fullName":"useKeyboardNavigation filter shortcuts should not work when storage not connected","status":"passed","title":"should not work when storage not connected","duration":0.5784169999999449,"failureMessages":[],"meta":{}},{"ancestorTitles":["useKeyboardNavigation","filter shortcuts"],"fullName":"useKeyboardNavigation filter shortcuts should not work when no storage adapter","status":"passed","title":"should not work when no storage adapter","duration":0.505457999999976,"failureMessages":[],"meta":{}},{"ancestorTitles":["useKeyboardNavigation","add item shortcut"],"fullName":"useKeyboardNavigation add item shortcut should add item with N key when storage connected","status":"passed","title":"should add item with N key when storage connected","duration":0.6002079999999523,"failureMessages":[],"meta":{}},{"ancestorTitles":["useKeyboardNavigation","add item shortcut"],"fullName":"useKeyboardNavigation add item shortcut should not work when storage not connected","status":"passed","title":"should not work when storage not connected","duration":0.6734589999999798,"failureMessages":[],"meta":{}},{"ancestorTitles":["useKeyboardNavigation","online search shortcut"],"fullName":"useKeyboardNavigation online search shortcut should search online with S key when storage connected","status":"passed","title":"should search online with S key when storage connected","duration":0.4748339999999871,"failureMessages":[],"meta":{}},{"ancestorTitles":["useKeyboardNavigation","online search shortcut"],"fullName":"useKeyboardNavigation online search shortcut should not work when storage not connected","status":"passed","title":"should not work when storage not connected","duration":0.5280839999999216,"failureMessages":[],"meta":{}},{"ancestorTitles":["useKeyboardNavigation","toggle filters shortcut"],"fullName":"useKeyboardNavigation toggle filters shortcut should toggle filters with F key","status":"passed","title":"should toggle filters with F key","duration":0.47991700000000037,"failureMessages":[],"meta":{}},{"ancestorTitles":["useKeyboardNavigation","selection mode"],"fullName":"useKeyboardNavigation selection mode should toggle selection mode with V key","status":"passed","title":"should toggle selection mode with V key","duration":0.49079200000005585,"failureMessages":[],"meta":{}},{"ancestorTitles":["useKeyboardNavigation","selection mode"],"fullName":"useKeyboardNavigation selection mode should select all with Ctrl+A in selection mode","status":"passed","title":"should select all with Ctrl+A in selection mode","duration":0.5107090000000198,"failureMessages":[],"meta":{}},{"ancestorTitles":["useKeyboardNavigation","selection mode"],"fullName":"useKeyboardNavigation selection mode should select all with Cmd+A in selection mode","status":"passed","title":"should select all with Cmd+A in selection mode","duration":0.5434589999999844,"failureMessages":[],"meta":{}},{"ancestorTitles":["useKeyboardNavigation","selection mode"],"fullName":"useKeyboardNavigation selection mode should not select all when not in selection mode","status":"passed","title":"should not select all when not in selection mode","duration":0.5422079999999596,"failureMessages":[],"meta":{}},{"ancestorTitles":["useKeyboardNavigation","selection mode"],"fullName":"useKeyboardNavigation selection mode should delete selected with Delete key","status":"passed","title":"should delete selected with Delete key","duration":0.737957999999935,"failureMessages":[],"meta":{}},{"ancestorTitles":["useKeyboardNavigation","selection mode"],"fullName":"useKeyboardNavigation selection mode should delete selected with Backspace key","status":"passed","title":"should delete selected with Backspace key","duration":0.5778330000000551,"failureMessages":[],"meta":{}},{"ancestorTitles":["useKeyboardNavigation","selection mode"],"fullName":"useKeyboardNavigation selection mode should not delete when selectedCount is 0","status":"passed","title":"should not delete when selectedCount is 0","duration":0.5482909999999492,"failureMessages":[],"meta":{}},{"ancestorTitles":["useKeyboardNavigation","arrow key navigation"],"fullName":"useKeyboardNavigation arrow key navigation should navigate right with ArrowRight","status":"passed","title":"should navigate right with ArrowRight","duration":1.2072920000000522,"failureMessages":[],"meta":{}},{"ancestorTitles":["useKeyboardNavigation","arrow key navigation"],"fullName":"useKeyboardNavigation arrow key navigation should navigate left with ArrowLeft","status":"passed","title":"should navigate left with ArrowLeft","duration":0.7738750000000891,"failureMessages":[],"meta":{}},{"ancestorTitles":["useKeyboardNavigation","arrow key navigation"],"fullName":"useKeyboardNavigation arrow key navigation should not go below index 0 with ArrowLeft","status":"passed","title":"should not go below index 0 with ArrowLeft","duration":2.3981249999999363,"failureMessages":[],"meta":{}},{"ancestorTitles":["useKeyboardNavigation","arrow key navigation"],"fullName":"useKeyboardNavigation arrow key navigation should not exceed items length with ArrowRight","status":"passed","title":"should not exceed items length with ArrowRight","duration":1.0164589999999407,"failureMessages":[],"meta":{}},{"ancestorTitles":["useKeyboardNavigation","vim-style navigation"],"fullName":"useKeyboardNavigation vim-style navigation should navigate right with L key","status":"passed","title":"should navigate right with L key","duration":0.6339580000000069,"failureMessages":[],"meta":{}},{"ancestorTitles":["useKeyboardNavigation","vim-style navigation"],"fullName":"useKeyboardNavigation vim-style navigation should navigate left with H key","status":"passed","title":"should navigate left with H key","duration":1.0417090000000826,"failureMessages":[],"meta":{}},{"ancestorTitles":["useKeyboardNavigation","vim-style navigation"],"fullName":"useKeyboardNavigation vim-style navigation should work with uppercase letters","status":"passed","title":"should work with uppercase letters","duration":0.65949999999998,"failureMessages":[],"meta":{}},{"ancestorTitles":["useKeyboardNavigation","enter and space keys"],"fullName":"useKeyboardNavigation enter and space keys should open item with Enter key in normal mode","status":"passed","title":"should open item with Enter key in normal mode","duration":1.574292000000014,"failureMessages":[],"meta":{}},{"ancestorTitles":["useKeyboardNavigation","enter and space keys"],"fullName":"useKeyboardNavigation enter and space keys should toggle item selection with Enter in selection mode","status":"passed","title":"should toggle item selection with Enter in selection mode","duration":0.9136250000000246,"failureMessages":[],"meta":{}},{"ancestorTitles":["useKeyboardNavigation","enter and space keys"],"fullName":"useKeyboardNavigation enter and space keys should open item with Space key in normal mode","status":"passed","title":"should open item with Space key in normal mode","duration":0.7116250000000264,"failureMessages":[],"meta":{}},{"ancestorTitles":["useKeyboardNavigation","enter and space keys"],"fullName":"useKeyboardNavigation enter and space keys should toggle selection with Space in selection mode","status":"passed","title":"should toggle selection with Space in selection mode","duration":1.5324580000000196,"failureMessages":[],"meta":{}},{"ancestorTitles":["useKeyboardNavigation","focused state management"],"fullName":"useKeyboardNavigation focused state management should update focusedId when navigating","status":"passed","title":"should update focusedId when navigating","duration":0.9338749999999436,"failureMessages":[],"meta":{}},{"ancestorTitles":["useKeyboardNavigation","focused state management"],"fullName":"useKeyboardNavigation focused state management should check if item is focused","status":"passed","title":"should check if item is focused","duration":0.8063329999999951,"failureMessages":[],"meta":{}},{"ancestorTitles":["useKeyboardNavigation","focused state management"],"fullName":"useKeyboardNavigation focused state management should reset focus","status":"passed","title":"should reset focus","duration":1.6945000000000618,"failureMessages":[],"meta":{}},{"ancestorTitles":["useKeyboardNavigation","card ref registration"],"fullName":"useKeyboardNavigation card ref registration should register card refs","status":"passed","title":"should register card refs","duration":0.7238750000000209,"failureMessages":[],"meta":{}},{"ancestorTitles":["useKeyboardNavigation","card ref registration"],"fullName":"useKeyboardNavigation card ref registration should unregister card refs when element is null","status":"passed","title":"should unregister card refs when element is null","duration":0.5961670000000368,"failureMessages":[],"meta":{}},{"ancestorTitles":["useKeyboardNavigation","empty items"],"fullName":"useKeyboardNavigation empty items should handle empty items array","status":"passed","title":"should handle empty items array","duration":0.5289579999999887,"failureMessages":[],"meta":{}},{"ancestorTitles":["useKeyboardNavigation","modal blocking"],"fullName":"useKeyboardNavigation modal blocking should block main shortcuts when modal is open","status":"passed","title":"should block main shortcuts when modal is open","duration":0.5130420000000413,"failureMessages":[],"meta":{}},{"ancestorTitles":["useKeyboardNavigation","modal blocking"],"fullName":"useKeyboardNavigation modal blocking should not block toggle shortcuts when modal is open","status":"passed","title":"should not block toggle shortcuts when modal is open","duration":0.5044579999999996,"failureMessages":[],"meta":{}}],"startTime":1760317834397,"endTime":1760317834457.5044,"status":"passed","message":"","name":"/Users/ssledzieski/Documents/media-tracker/src/hooks/__tests__/useKeyboardNavigation.test.js"},{"assertionResults":[{"ancestorTitles":["useSelection","initialization"],"fullName":"useSelection initialization should initialize with selection mode off","status":"passed","title":"should initialize with selection mode off","duration":8.118875000000003,"failureMessages":[],"meta":{}},{"ancestorTitles":["useSelection","initialization"],"fullName":"useSelection initialization should initialize with no selected items","status":"passed","title":"should initialize with no selected items","duration":1.4959159999999656,"failureMessages":[],"meta":{}},{"ancestorTitles":["useSelection","initialization"],"fullName":"useSelection initialization should have selectedIds as a Set","status":"passed","title":"should have selectedIds as a Set","duration":1.3634999999999877,"failureMessages":[],"meta":{}},{"ancestorTitles":["useSelection","toggleSelectionMode"],"fullName":"useSelection toggleSelectionMode should toggle selection mode on","status":"passed","title":"should toggle selection mode on","duration":2.1405409999999847,"failureMessages":[],"meta":{}},{"ancestorTitles":["useSelection","toggleSelectionMode"],"fullName":"useSelection toggleSelectionMode should toggle selection mode off","status":"passed","title":"should toggle selection mode off","duration":0.9681250000000432,"failureMessages":[],"meta":{}},{"ancestorTitles":["useSelection","toggleSelectionMode"],"fullName":"useSelection toggleSelectionMode should clear selections when toggling mode off","status":"passed","title":"should clear selections when toggling mode off","duration":0.9432080000000269,"failureMessages":[],"meta":{}},{"ancestorTitles":["useSelection","toggleItemSelection"],"fullName":"useSelection toggleItemSelection should select an item","status":"passed","title":"should select an item","duration":0.9731249999999818,"failureMessages":[],"meta":{}},{"ancestorTitles":["useSelection","toggleItemSelection"],"fullName":"useSelection toggleItemSelection should deselect an item","status":"passed","title":"should deselect an item","duration":0.5132919999999785,"failureMessages":[],"meta":{}},{"ancestorTitles":["useSelection","toggleItemSelection"],"fullName":"useSelection toggleItemSelection should handle multiple item selections","status":"passed","title":"should handle multiple item selections","duration":2.2566249999999854,"failureMessages":[],"meta":{}},{"ancestorTitles":["useSelection","toggleItemSelection"],"fullName":"useSelection toggleItemSelection should maintain selection Set correctly","status":"passed","title":"should maintain selection Set correctly","duration":0.456957999999986,"failureMessages":[],"meta":{}},{"ancestorTitles":["useSelection","selectAll"],"fullName":"useSelection selectAll should select all items","status":"passed","title":"should select all items","duration":0.37249999999994543,"failureMessages":[],"meta":{}},{"ancestorTitles":["useSelection","selectAll"],"fullName":"useSelection selectAll should handle empty array","status":"passed","title":"should handle empty array","duration":0.2767499999999927,"failureMessages":[],"meta":{}},{"ancestorTitles":["useSelection","selectAll"],"fullName":"useSelection selectAll should override previous selections","status":"passed","title":"should override previous selections","duration":0.3184999999999718,"failureMessages":[],"meta":{}},{"ancestorTitles":["useSelection","clearSelection"],"fullName":"useSelection clearSelection should clear all selections","status":"passed","title":"should clear all selections","duration":0.3407919999999649,"failureMessages":[],"meta":{}},{"ancestorTitles":["useSelection","clearSelection"],"fullName":"useSelection clearSelection should turn off selection mode","status":"passed","title":"should turn off selection mode","duration":0.3408750000000964,"failureMessages":[],"meta":{}},{"ancestorTitles":["useSelection","isItemSelected"],"fullName":"useSelection isItemSelected should return true for selected items","status":"passed","title":"should return true for selected items","duration":0.2902090000000044,"failureMessages":[],"meta":{}},{"ancestorTitles":["useSelection","isItemSelected"],"fullName":"useSelection isItemSelected should return false for unselected items","status":"passed","title":"should return false for unselected items","duration":0.23108300000001236,"failureMessages":[],"meta":{}},{"ancestorTitles":["useSelection","isItemSelected"],"fullName":"useSelection isItemSelected should return false after deselection","status":"passed","title":"should return false after deselection","duration":0.283916999999974,"failureMessages":[],"meta":{}},{"ancestorTitles":["useSelection","getSelectedItems"],"fullName":"useSelection getSelectedItems should return selected items","status":"passed","title":"should return selected items","duration":0.7937910000000556,"failureMessages":[],"meta":{}},{"ancestorTitles":["useSelection","getSelectedItems"],"fullName":"useSelection getSelectedItems should return empty array when nothing is selected","status":"passed","title":"should return empty array when nothing is selected","duration":0.5535840000000007,"failureMessages":[],"meta":{}},{"ancestorTitles":["useSelection","getSelectedItems"],"fullName":"useSelection getSelectedItems should return all items when all are selected","status":"passed","title":"should return all items when all are selected","duration":0.3736669999999549,"failureMessages":[],"meta":{}},{"ancestorTitles":["useSelection","getSelectedItems"],"fullName":"useSelection getSelectedItems should filter correctly after partial selection","status":"passed","title":"should filter correctly after partial selection","duration":0.3548329999999851,"failureMessages":[],"meta":{}},{"ancestorTitles":["useSelection","selectedCount"],"fullName":"useSelection selectedCount should track count correctly","status":"passed","title":"should track count correctly","duration":5.917790999999966,"failureMessages":[],"meta":{}},{"ancestorTitles":["useSelection","selectedCount"],"fullName":"useSelection selectedCount should match selectedIds.size","status":"passed","title":"should match selectedIds.size","duration":0.39049999999997453,"failureMessages":[],"meta":{}}],"startTime":1760317835032,"endTime":1760317835062.9177,"status":"passed","message":"","name":"/Users/ssledzieski/Documents/media-tracker/src/hooks/__tests__/useSelection.test.js"},{"assertionResults":[{"ancestorTitles":["useTheme","initialization"],"fullName":"useTheme initialization should initialize with default theme colors","status":"passed","title":"should initialize with default theme colors","duration":9.600583000000029,"failureMessages":[],"meta":{}},{"ancestorTitles":["useTheme","initialization"],"fullName":"useTheme initialization should initialize with default card size","status":"passed","title":"should initialize with default card size","duration":0.9482499999999163,"failureMessages":[],"meta":{}},{"ancestorTitles":["useTheme","initialization"],"fullName":"useTheme initialization should load saved theme colors from localStorage","status":"passed","title":"should load saved theme colors from localStorage","duration":1.647416000000021,"failureMessages":[],"meta":{}},{"ancestorTitles":["useTheme","initialization"],"fullName":"useTheme initialization should load saved card size from localStorage","status":"passed","title":"should load saved card size from localStorage","duration":0.6564170000000331,"failureMessages":[],"meta":{}},{"ancestorTitles":["useTheme","updatePrimaryColor"],"fullName":"useTheme updatePrimaryColor should update primary color","status":"passed","title":"should update primary color","duration":1.8172499999999445,"failureMessages":[],"meta":{}},{"ancestorTitles":["useTheme","updatePrimaryColor"],"fullName":"useTheme updatePrimaryColor should persist primary color to localStorage","status":"passed","title":"should persist primary color to localStorage","duration":0.7490410000000338,"failureMessages":[],"meta":{}},{"ancestorTitles":["useTheme","updateHighlightColor"],"fullName":"useTheme updateHighlightColor should update highlight color","status":"passed","title":"should update highlight color","duration":0.8120000000000118,"failureMessages":[],"meta":{}},{"ancestorTitles":["useTheme","updateHighlightColor"],"fullName":"useTheme updateHighlightColor should persist highlight color to localStorage","status":"passed","title":"should persist highlight color to localStorage","duration":0.7961670000000822,"failureMessages":[],"meta":{}},{"ancestorTitles":["useTheme","updateCardSize"],"fullName":"useTheme updateCardSize should update card size","status":"passed","title":"should update card size","duration":1.0985829999999623,"failureMessages":[],"meta":{}},{"ancestorTitles":["useTheme","updateCardSize"],"fullName":"useTheme updateCardSize should persist card size to localStorage","status":"passed","title":"should persist card size to localStorage","duration":0.4374159999999847,"failureMessages":[],"meta":{}},{"ancestorTitles":["useTheme","updateCardSize"],"fullName":"useTheme updateCardSize should update through all card sizes","status":"passed","title":"should update through all card sizes","duration":0.6443750000000819,"failureMessages":[],"meta":{}},{"ancestorTitles":["useTheme","resetTheme"],"fullName":"useTheme resetTheme should reset colors to defaults","status":"passed","title":"should reset colors to defaults","duration":0.6302500000000464,"failureMessages":[],"meta":{}},{"ancestorTitles":["useTheme","persistence"],"fullName":"useTheme persistence should maintain theme across hook remounts","status":"passed","title":"should maintain theme across hook remounts","duration":0.7885830000000169,"failureMessages":[],"meta":{}},{"ancestorTitles":["useTheme","persistence"],"fullName":"useTheme persistence should update both colors simultaneously","status":"passed","title":"should update both colors simultaneously","duration":0.42916700000000674,"failureMessages":[],"meta":{}}],"startTime":1760317834428,"endTime":1760317834449.4292,"status":"passed","message":"","name":"/Users/ssledzieski/Documents/media-tracker/src/hooks/__tests__/useTheme.test.js"},{"assertionResults":[{"ancestorTitles":["Item Management Integration Tests","Manual Item Addition Flow"],"fullName":"Item Management Integration Tests Manual Item Addition Flow should add a book manually through complete workflow","status":"passed","title":"should add a book manually through complete workflow","duration":656.9583749999999,"failureMessages":[],"meta":{}},{"ancestorTitles":["Item Management Integration Tests","Manual Item Addition Flow"],"fullName":"Item Management Integration Tests Manual Item Addition Flow should add a movie manually through complete workflow","status":"passed","title":"should add a movie manually through complete workflow","duration":247.76237500000002,"failureMessages":[],"meta":{}},{"ancestorTitles":["Item Management Integration Tests","Online Search and Add Flow"],"fullName":"Item Management Integration Tests Online Search and Add Flow should search for and add a book from Open Library","status":"passed","title":"should search for and add a book from Open Library","duration":157.84520799999996,"failureMessages":[],"meta":{}},{"ancestorTitles":["Item Management Integration Tests","Online Search and Add Flow"],"fullName":"Item Management Integration Tests Online Search and Add Flow should search for and add a movie from OMDb","status":"passed","title":"should search for and add a movie from OMDb","duration":169.05766700000004,"failureMessages":[],"meta":{}},{"ancestorTitles":["Item Management Integration Tests","Edit Item Flow"],"fullName":"Item Management Integration Tests Edit Item Flow should edit an existing item","status":"skipped","title":"should edit an existing item","failureMessages":[],"meta":{}},{"ancestorTitles":["Item Management Integration Tests","Delete and Undo Flow"],"fullName":"Item Management Integration Tests Delete and Undo Flow should delete an item and support undo","status":"skipped","title":"should delete an item and support undo","failureMessages":[],"meta":{}},{"ancestorTitles":["Item Management Integration Tests","Delete and Undo Flow"],"fullName":"Item Management Integration Tests Delete and Undo Flow should handle delete with confirmation cancel","status":"skipped","title":"should handle delete with confirmation cancel","failureMessages":[],"meta":{}},{"ancestorTitles":["Item Management Integration Tests","Complete Workflow: Add → Edit → Delete → Undo"],"fullName":"Item Management Integration Tests Complete Workflow: Add → Edit → Delete → Undo should support full lifecycle of an item","status":"skipped","title":"should support full lifecycle of an item","failureMessages":[],"meta":{}}],"startTime":1760317834601,"endTime":1760317835833.0576,"status":"passed","message":"","name":"/Users/ssledzieski/Documents/media-tracker/src/integration/__tests__/itemManagement.test.jsx"},{"assertionResults":[{"ancestorTitles":["configService","loadOmdbApiKey"],"fullName":"configService loadOmdbApiKey should load API key from localStorage","status":"passed","title":"should load API key from localStorage","duration":0.9162910000000011,"failureMessages":[],"meta":{}},{"ancestorTitles":["configService","loadOmdbApiKey"],"fullName":"configService loadOmdbApiKey should return empty string if no API key stored","status":"passed","title":"should return empty string if no API key stored","duration":0.14387499999998,"failureMessages":[],"meta":{}},{"ancestorTitles":["configService","loadOmdbApiKey"],"fullName":"configService loadOmdbApiKey should handle errors gracefully","status":"passed","title":"should handle errors gracefully","duration":4.1246249999999804,"failureMessages":[],"meta":{}},{"ancestorTitles":["configService","saveOmdbApiKey"],"fullName":"configService saveOmdbApiKey should save API key to localStorage","status":"passed","title":"should save API key to localStorage","duration":0.1512079999999969,"failureMessages":[],"meta":{}},{"ancestorTitles":["configService","saveOmdbApiKey"],"fullName":"configService saveOmdbApiKey should handle errors gracefully","status":"passed","title":"should handle errors gracefully","duration":2.0934579999999983,"failureMessages":[],"meta":{}},{"ancestorTitles":["configService","loadThemeColors"],"fullName":"configService loadThemeColors should load theme colors from localStorage","status":"passed","title":"should load theme colors from localStorage","duration":0.17349999999999,"failureMessages":[],"meta":{}},{"ancestorTitles":["configService","loadThemeColors"],"fullName":"configService loadThemeColors should return default colors if not stored","status":"passed","title":"should return default colors if not stored","duration":0.123667000000011
[...]
ne":526,"column":0},"end":{"line":526,"column":13}},"526":{"start":{"line":527,"column":0},"end":{"line":527,"column":57}},"527":{"start":{"line":528,"column":0},"end":{"line":528,"column":25}},"528":{"start":{"line":529,"column":0},"end":{"line":529,"column":70}},"532":{"start":{"line":533,"column":0},"end":{"line":533,"column":21}},"533":{"start":{"line":534,"column":0},"end":{"line":534,"column":65}},"534":{"start":{"line":535,"column":0},"end":{"line":535,"column":63}},"538":{"start":{"line":539,"column":0},"end":{"line":539,"column":46}},"539":{"start":{"line":540,"column":0},"end":{"line":540,"column":9}},"540":{"start":{"line":541,"column":0},"end":{"line":541,"column":24}},"541":{"start":{"line":542,"column":0},"end":{"line":542,"column":19}},"542":{"start":{"line":543,"column":0},"end":{"line":543,"column":27}},"543":{"start":{"line":544,"column":0},"end":{"line":544,"column":8}},"545":{"start":{"line":546,"column":0},"end":{"line":546,"column":34}},"546":{"start":{"line":547,"column":0},"end":{"line":547,"column":96}},"547":{"start":{"line":548,"column":0},"end":{"line":548,"column":72}},"549":{"start":{"line":550,"column":0},"end":{"line":550,"column":119}},"550":{"start":{"line":551,"column":0},"end":{"line":551,"column":23}},"551":{"start":{"line":552,"column":0},"end":{"line":552,"column":18}},"552":{"start":{"line":553,"column":0},"end":{"line":553,"column":55}},"553":{"start":{"line":554,"column":0},"end":{"line":554,"column":10}},"554":{"start":{"line":555,"column":0},"end":{"line":555,"column":18}},"555":{"start":{"line":556,"column":0},"end":{"line":556,"column":9}},"557":{"start":{"line":558,"column":0},"end":{"line":558,"column":25}},"558":{"start":{"line":559,"column":0},"end":{"line":559,"column":75}},"561":{"start":{"line":562,"column":0},"end":{"line":562,"column":43}},"562":{"start":{"line":563,"column":0},"end":{"line":563,"column":23}},"563":{"start":{"line":564,"column":0},"end":{"line":564,"column":21}},"564":{"start":{"line":565,"column":0},"end":{"line":565,"column":51}},"565":{"start":{"line":566,"column":0},"end":{"line":566,"column":18}},"569":{"start":{"line":570,"column":0},"end":{"line":570,"column":51}},"570":{"start":{"line":571,"column":0},"end":{"line":571,"column":9}},"571":{"start":{"line":572,"column":0},"end":{"line":572,"column":44}},"573":{"start":{"line":574,"column":0},"end":{"line":574,"column":34}},"574":{"start":{"line":575,"column":0},"end":{"line":575,"column":45}},"575":{"start":{"line":576,"column":0},"end":{"line":576,"column":98}},"577":{"start":{"line":578,"column":0},"end":{"line":578,"column":72}},"579":{"start":{"line":580,"column":0},"end":{"line":580,"column":119}},"580":{"start":{"line":581,"column":0},"end":{"line":581,"column":24}},"581":{"start":{"line":582,"column":0},"end":{"line":582,"column":18}},"582":{"start":{"line":583,"column":0},"end":{"line":583,"column":55}},"583":{"start":{"line":584,"column":0},"end":{"line":584,"column":10}},"584":{"start":{"line":585,"column":0},"end":{"line":585,"column":18}},"585":{"start":{"line":586,"column":0},"end":{"line":586,"column":9}},"587":{"start":{"line":588,"column":0},"end":{"line":588,"column":25}},"588":{"start":{"line":589,"column":0},"end":{"line":589,"column":75}},"590":{"start":{"line":591,"column":0},"end":{"line":591,"column":21}},"591":{"start":{"line":592,"column":0},"end":{"line":592,"column":51}},"592":{"start":{"line":593,"column":0},"end":{"line":593,"column":18}},"596":{"start":{"line":597,"column":0},"end":{"line":597,"column":26}},"597":{"start":{"line":598,"column":0},"end":{"line":598,"column":30}},"598":{"start":{"line":599,"column":0},"end":{"line":599,"column":55}},"601":{"start":{"line":602,"column":0},"end":{"line":602,"column":9}},"602":{"start":{"line":603,"column":0},"end":{"line":603,"column":25}},"603":{"start":{"line":604,"column":0},"end":{"line":604,"column":69}},"606":{"start":{"line":607,"column":0},"end":{"line":607,"column":51}},"607":{"start":{"line":608,"column":0},"end":{"line":608,"column":28}},"608":{"start":{"line":609,"column":0},"end":{"line":609,"column":39}},"609":{"start":{"line":610,"column":0},"end":{"line":610,"column":49}},"610":{"start":{"line":611,"column":0},"end":{"line":611,"column":29}},"611":{"start":{"line":612,"column":0},"end":{"line":612,"column":9}},"614":{"start":{"line":615,"column":0},"end":{"line":615,"column":11}},"615":{"start":{"line":616,"column":0},"end":{"line":616,"column":55}},"616":{"start":{"line":617,"column":0},"end":{"line":617,"column":23}},"617":{"start":{"line":618,"column":0},"end":{"line":618,"column":71}},"621":{"start":{"line":622,"column":0},"end":{"line":622,"column":14}},"622":{"start":{"line":623,"column":0},"end":{"line":623,"column":28}},"623":{"start":{"line":624,"column":0},"end":{"line":624,"column":32}},"624":{"start":{"line":625,"column":0},"end":{"line":625,"column":46}},"625":{"start":{"line":626,"column":0},"end":{"line":626,"column":36}},"626":{"start":{"line":627,"column":0},"end":{"line":627,"column":8}},"627":{"start":{"line":628,"column":0},"end":{"line":628,"column":21}},"628":{"start":{"line":629,"column":0},"end":{"line":629,"column":69}},"629":{"start":{"line":630,"column":0},"end":{"line":630,"column":65}},"633":{"start":{"line":634,"column":0},"end":{"line":634,"column":31}},"634":{"start":{"line":635,"column":0},"end":{"line":635,"column":30}},"635":{"start":{"line":636,"column":0},"end":{"line":636,"column":55}},"638":{"start":{"line":639,"column":0},"end":{"line":639,"column":9}},"639":{"start":{"line":640,"column":0},"end":{"line":640,"column":51}},"640":{"start":{"line":641,"column":0},"end":{"line":641,"column":32}},"641":{"start":{"line":642,"column":0},"end":{"line":642,"column":40}},"642":{"start":{"line":643,"column":0},"end":{"line":643,"column":41}},"643":{"start":{"line":644,"column":0},"end":{"line":644,"column":29}},"644":{"start":{"line":645,"column":0},"end":{"line":645,"column":9}},"646":{"start":{"line":647,"column":0},"end":{"line":647,"column":31}},"647":{"start":{"line":648,"column":0},"end":{"line":648,"column":21}},"648":{"start":{"line":649,"column":0},"end":{"line":649,"column":70}},"649":{"start":{"line":650,"column":0},"end":{"line":650,"column":66}},"659":{"start":{"line":660,"column":0},"end":{"line":660,"column":38}},"660":{"start":{"line":661,"column":0},"end":{"line":661,"column":30}},"661":{"start":{"line":662,"column":0},"end":{"line":662,"column":55}},"664":{"start":{"line":665,"column":0},"end":{"line":665,"column":9}},"666":{"start":{"line":667,"column":0},"end":{"line":667,"column":72}},"667":{"start":{"line":668,"column":0},"end":{"line":668,"column":96}},"668":{"start":{"line":669,"column":0},"end":{"line":669,"column":33}},"669":{"start":{"line":670,"column":0},"end":{"line":670,"column":9}},"671":{"start":{"line":672,"column":0},"end":{"line":672,"column":82}},"673":{"start":{"line":674,"column":0},"end":{"line":674,"column":57}},"674":{"start":{"line":675,"column":0},"end":{"line":675,"column":58}},"675":{"start":{"line":676,"column":0},"end":{"line":676,"column":14}},"677":{"start":{"line":678,"column":0},"end":{"line":678,"column":77}},"679":{"start":{"line":680,"column":0},"end":{"line":680,"column":21}},"680":{"start":{"line":681,"column":0},"end":{"line":681,"column":66}},"681":{"start":{"line":682,"column":0},"end":{"line":682,"column":64}},"685":{"start":{"line":686,"column":0},"end":{"line":686,"column":30}},"686":{"start":{"line":687,"column":0},"end":{"line":687,"column":30}},"687":{"start":{"line":688,"column":0},"end":{"line":688,"column":55}},"690":{"start":{"line":691,"column":0},"end":{"line":691,"column":9}},"691":{"start":{"line":692,"column":0},"end":{"line":692,"column":66}},"692":{"start":{"line":693,"column":0},"end":{"line":693,"column":96}},"693":{"start":{"line":694,"column":0},"end":{"line":694,"column":33}},"694":{"start":{"line":695,"column":0},"end":{"line":695,"column":9}},"696":{"start":{"line":697,"column":0},"end":{"line":697,"column":71}},"697":{"start":{"line":698,"column":0},"end":{"line":698,"column":21}},"698":{"start":{"line":699,"column":0},"end":{"line":699,"column":77}},"699":{"start":{"line":700,"column":0},"end":{"line":700,"column":19}},"704":{"start":{"line":705,"column":0},"end":{"line":705,"column":45}},"705":{"start":{"line":706,"column":0},"end":{"line":706,"column":9}},"706":{"start":{"line":707,"column":0},"end":{"line":707,"column":229}},"707":{"start":{"line":708,"column":0},"end":{"line":708,"column":18}},"708":{"start":{"line":709,"column":0},"end":{"line":709,"column":56}},"709":{"start":{"line":710,"column":0},"end":{"line":710,"column":9}},"710":{"start":{"line":711,"column":0},"end":{"line":711,"column":9}},"712":{"start":{"line":713,"column":0},"end":{"line":713,"column":25}},"713":{"start":{"line":714,"column":0},"end":{"line":714,"column":66}},"716":{"start":{"line":717,"column":0},"end":{"line":717,"column":41}},"717":{"start":{"line":718,"column":0},"end":{"line":718,"column":47}},"719":{"start":{"line":720,"column":0},"end":{"line":720,"column":14}},"720":{"start":{"line":721,"column":0},"end":{"line":721,"column":50}},"721":{"start":{"line":722,"column":0},"end":{"line":722,"column":41}},"722":{"start":{"line":723,"column":0},"end":{"line":723,"column":51}},"723":{"start":{"line":724,"column":0},"end":{"line":724,"column":99}},"724":{"start":{"line":725,"column":0},"end":{"line":725,"column":65}},"725":{"start":{"line":726,"column":0},"end":{"line":726,"column":8}},"726":{"start":{"line":727,"column":0},"end":{"line":727,"column":21}},"727":{"start":{"line":728,"column":0},"end":{"line":728,"column":66}},"728":{"start":{"line":729,"column":0},"end":{"line":729,"column":14}},"729":{"start":{"line":730,"column":0},"end":{"line":730,"column":27}},"730":{"start":{"line":731,"column":0},"end":{"line":731,"column":28}},"731":{"start":{"line":732,"column":0},"end":{"line":732,"column":112}},"732":{"start":{"line":733,"column":0},"end":{"line":733,"column":8}},"737":{"start":{"line":738,"column":0},"end":{"line":738,"column":39}},"738":{"start":{"line":739,"column":0},"end":{"line":739,"column":9}},"739":{"start":{"line":740,"column":0},"end":{"line":740,"column":184}},"740":{"start":{"line":741,"column":0},"end":{"line":741,"column":18}},"741":{"start":{"line":742,"column":0},"end":{"line":742,"column":56}},"742":{"start":{"line":743,"column":0},"end":{"line":743,"column":9}},"743":{"start":{"line":744,"column":0},"end":{"line":744,"column":9}},"745":{"start":{"line":746,"column":0},"end":{"line":746,"column":25}},"746":{"start":{"line":747,"column":0},"end":{"line":747,"column":66}},"749":{"start":{"line":750,"column":0},"end":{"line":750,"column":41}},"750":{"start":{"line":751,"column":0},"end":{"line":751,"column":37}},"752":{"start":{"line":753,"column":0},"end":{"line":753,"column":14}},"753":{"start":{"line":754,"column":0},"end":{"line":754,"column":35}},"754":{"start":{"line":755,"column":0},"end":{"line":755,"column":32}},"755":{"start":{"line":756,"column":0},"end":{"line":756,"column":20}},"756":{"start":{"line":757,"column":0},"end":{"line":757,"column":8}},"757":{"start":{"line":758,"column":0},"end":{"line":758,"column":21}},"758":{"start":{"line":759,"column":0},"end":{"line":759,"column":62}},"759":{"start":{"line":760,"column":0},"end":{"line":760,"column":14}},"760":{"start":{"line":761,"column":0},"end":{"line":761,"column":24}},"761":{"start":{"line":762,"column":0},"end":{"line":762,"column":21}},"762":{"start":{"line":763,"column":0},"end":{"line":763,"column":17}},"763":{"start":{"line":764,"column":0},"end":{"line":764,"column":8}},"768":{"start":{"line":769,"column":0},"end":{"line":769,"column":41}},"769":{"start":{"line":770,"column":0},"end":{"line":770,"column":9}},"770":{"start":{"line":771,"column":0},"end":{"line":771,"column":85}},"773":{"start":{"line":774,"column":0},"end":{"line":774,"column":48}},"774":{"start":{"line":775,"column":0},"end":{"line":775,"column":16}},"775":{"start":{"line":776,"column":0},"end":{"line":776,"column":33}},"776":{"start":{"line":777,"column":0},"end":{"line":777,"column":70}},"777":{"start":{"line":778,"column":0},"end":{"line":778,"column":58}},"778":{"start":{"line":779,"column":0},"end":{"line":779,"column":10}},"782":{"start":{"line":783,"column":0},"end":{"line":783,"column":89}},"783":{"start":{"line":784,"column":0},"end":{"line":784,"column":38}},"784":{"start":{"line":785,"column":0},"end":{"line":785,"column":90}},"785":{"start":{"line":786,"column":0},"end":{"line":786,"column":62}},"786":{"start":{"line":787,"column":0},"end":{"line":787,"column":64}},"790":{"start":{"line":791,"column":0},"end":{"line":791,"column":86}},"791":{"start":{"line":792,"column":0},"end":{"line":792,"column":28}},"792":{"start":{"line":793,"column":0},"end":{"line":793,"column":29}},"793":{"start":{"line":794,"column":0},"end":{"line":794,"column":51}},"794":{"start":{"line":795,"column":0},"end":{"line":795,"column":24}},"795":{"start":{"line":796,"column":0},"end":{"line":796,"column":20}},"796":{"start":{"line":797,"column":0},"end":{"line":797,"column":8}},"798":{"start":{"line":799,"column":0},"end":{"line":799,"column":61}},"799":{"start":{"line":800,"column":0},"end":{"line":800,"column":72}},"800":{"start":{"line":801,"column":0},"end":{"line":801,"column":72}},"801":{"start":{"line":802,"column":0},"end":{"line":802,"column":54}},"802":{"start":{"line":803,"column":0},"end":{"line":803,"column":56}},"805":{"start":{"line":806,"column":0},"end":{"line":806,"column":14}},"806":{"start":{"line":807,"column":0},"end":{"line":807,"column":30}},"807":{"start":{"line":808,"column":0},"end":{"line":808,"column":41}},"808":{"start":{"line":809,"column":0},"end":{"line":809,"column":33}},"809":{"start":{"line":810,"column":0},"end":{"line":810,"column":90}},"810":{"start":{"line":811,"column":0},"end":{"line":811,"column":8}},"811":{"start":{"line":812,"column":0},"end":{"line":812,"column":21}},"812":{"start":{"line":813,"column":0},"end":{"line":813,"column":60}},"813":{"start":{"line":814,"column":0},"end":{"line":814,"column":14}},"814":{"start":{"line":815,"column":0},"end":{"line":815,"column":31}},"815":{"start":{"line":816,"column":0},"end":{"line":816,"column":60}},"816":{"start":{"line":817,"column":0},"end":{"line":817,"column":58}},"817":{"start":{"line":818,"column":0},"end":{"line":818,"column":65}},"818":{"start":{"line":819,"column":0},"end":{"line":819,"column":8}},"822":{"start":{"line":823,"column":0},"end":{"line":823,"column":57}},"823":{"start":{"line":824,"column":0},"end":{"line":824,"column":57}},"824":{"start":{"line":825,"column":0},"end":{"line":825,"column":83}},"825":{"start":{"line":826,"column":0},"end":{"line":826,"column":63}},"826":{"start":{"line":827,"column":0},"end":{"line":827,"column":187}},"827":{"start":{"line":828,"column":0},"end":{"line":828,"column":63}},"828":{"start":{"line":829,"column":0},"end":{"line":829,"column":125}},"829":{"start":{"line":830,"column":0},"end":{"line":830,"column":12}},"830":{"start":{"line":831,"column":0},"end":{"line":831,"column":217}}},"s":{"0":0,"1":0,"2":0,"3":0,"9":0,"10":0,"11":0,"12":0,"13":0,"14":0,"15":0,"16":0,"19":0,"20":0,"21":0,"24":0,"25":0,"28":0,"29":0,"32":0,"33":0,"35":0,"36":0,"37":0,"38":0,"39":0,"40":0,"42":0,"43":0,"44":0,"46":0,"49":0,"52":0,"53":0,"54":0,"55":0,"56":0,"58":0,"63":0,"66":0,"67":0,"68":0,"69":0,"70":0,"71":0,"72":0,"74":0,"75":0,"76":0,"77":0,"78":0,"79":0,"83":0,"84":0,"85":0,"86":0,"87":0,"90":0,"91":0,"92":0,"93":0,"94":0,"96":0,"97":0,"98":0,"100":0,"101":0,"104":0,"105":0,"106":0,"107":0,"108":0,"111":0,"112":0,"113":0,"114":0,"115":0,"117":0,"118":0,"119":0,"121":0,"122":0,"125":0,"126":0,"129":0,"130":0,"132":0,"133":0,"136":0,"137":0,"138":0,"141":0,"142":0,"144":0,"145":0,"146":0,"147":0,"148":0,"149":0,"150":0,"151":0,"154":0,"156":0,"157":0,"158":0,"160":0,"161":0,"163":0,"164":0,"165":0,"166":0,"167":0,"168":0,"169":0,"170":0,"171":0,"174":0,"175":0,"176":0,"177":0,"178":0,"179":0,"182":0,"185":0,"186":0,"189":0,"190":0,"191":0,"197":0,"198":0,"199":0,"200":0,"202":0,"203":0,"209":0,"210":0,"211":0,"212":0,"213":0,"214":0,"215":0,"216":0,"222":0,"223":0,"224":0,"226":0,"227":0,"229":0,"230":0,"231":0,"233":0,"234":0,"235":0,"236":0,"237":0,"238":0,"239":0,"243":0,"244":0,"245":0,"246":0,"247":0,"248":0,"249":0,"250":0,"253":0,"254":0,"255":0,"256":0,"257":0,"259":0,"260":0,"261":0,"262":0,"265":0,"266":0,"267":0,"268":0,"269":0,"270":0,"272":0,"273":0,"274":0,"275":0,"277":0,"278":0,"279":0,"280":0,"281":0,"285":0,"286":0,"287":0,"290":0,"291":0,"292":0,"295":0,"296":0,"297":0,"299":0,"300":0,"301":0,"303":0,"304":0,"305":0,"306":0,"307":0,"308":0,"309":0,"311":0,"312":0,"314":0,"315":0,"317":0,"318":0,"320":0,"321":0,"325":0,"326":0,"327":0,"330":0,"331":0,"333":0,"334":0,"335":0,"337":0,"338":0,"339":0,"341":0,"342":0,"343":0,"344":0,"346":0,"348":0,"350":0,"352":0,"353":0,"354":0,"357":0,"358":0,"359":0,"360":0,"361":0,"362":0,"363":0,"364":0,"365":0,"370":0,"371":0,"373":0,"374":0,"375":0,"377":0,"380":0,"381":0,"382":0,"383":0,"385":0,"386":0,"387":0,"388":0,"389":0,"390":0,"391":0,"392":0,"393":0,"394":0,"395":0,"396":0,"397":0,"398":0,"399":0,"400":0,"401":0,"402":0,"403":0,"404":0,"407":0,"408":0,"409":0,"410":0,"411":0,"412":0,"414":0,"415":0,"416":0,"417":0,"419":0,"422":0,"425":0,"426":0,"427":0,"429":0,"430":0,"433":0,"434":0,"435":0,"436":0,"437":0,"438":0,"439":0,"440":0,"441":0,"447":0,"448":0,"449":0,"450":0,"451":0,"452":0,"453":0,"454":0,"460":0,"461":0,"462":0,"463":0,"464":0,"465":0,"466":0,"470":0,"471":0,"472":0,"473":0,"474":0,"475":0,"476":0,"477":0,"478":0,"479":0,"480":0,"481":0,"485":0,"486":0,"487":0,"490":0,"491":0,"492":0,"495":0,"497":0,"498":0,"499":0,"501":0,"502":0,"503":0,"504":0,"505":0,"506":0,"507":0,"508":0,"509":0,"510":0,"511":0,"512":0,"513":0,"514":0,"516":0,"518":0,"519":0,"524":0,"525":0,"526":0,"527":0,"528":0,"532":0,"533":0,"534":0,"538":0,"539":0,"540":0,"541":0,"542":0,"543":0,"545":0,"546":0,"547":0,"549":0,"550":0,"551":0,"552":0,"553":0,"554":0,"555":0,"557":0,"558":0,"561":0,"562":0,"563":0,"564":0,"565":0,"569":0,"570":0,"571":0,"573":0,"574":0,"575":0,"577":0,"579":0,"580":0,"581":0,"582":0,"583":0,"584":0,"585":0,"587":0,"588":0,"590":0,"591":0,"592":0,"596":0,"597":0,"598":0,"601":0,"602":0,"603":0,"606":0,"607":0,"608":0,"609":0,"610":0,"611":0,"614":0,"615":0,"616":0,"617":0,"621":0,"622":0,"623":0,"624":0,"625":0,"626":0,"627":0,"628":0,"629":0,"633":0,"634":0,"635":0,"638":0,"639":0,"640":0,"641":0,"642":0,"643":0,"644":0,"646":0,"647":0,"648":0,"649":0,"659":0,"660":0,"661":0,"664":0,"666":0,"667":0,"668":0,"669":0,"671":0,"673":0,"674":0,"675":0,"677":0,"679":0,"680":0,"681":0,"685":0,"686":0,"687":0,"690":0,"691":0,"692":0,"693":0,"694":0,"696":0,"697":0,"698":0,"699":0,"704":0,"705":0,"706":0,"707":0,"708":0,"709":0,"710":0,"712":0,"713":0,"716":0,"717":0,"719":0,"720":0,"721":0,"722":0,"723":0,"724":0,"725":0,"726":0,"727":0,"728":0,"729":0,"730":0,"731":0,"732":0,"737":0,"738":0,"739":0,"740":0,"741":0,"742":0,"743":0,"745":0,"746":0,"749":0,"750":0,"752":0,"753":0,"754":0,"755":0,"756":0,"757":0,"758":0,"759":0,"760":0,"761":0,"762":0,"763":0,"768":0,"769":0,"770":0,"773":0,"774":0,"775":0,"776":0,"777":0,"778":0,"782":0,"783":0,"784":0,"785":0,"786":0,"790":0,"791":0,"792":0,"793":0,"794":0,"795":0,"796":0,"798":0,"799":0,"800":0,"801":0,"802":0,"805":0,"806":0,"807":0,"808":0,"809":0,"810":0,"811":0,"812":0,"813":0,"814":0,"815":0,"816":0,"817":0,"818":0,"822":0,"823":0,"824":0,"825":0,"826":0,"827":0,"828":0,"829":0,"830":0},"branchMap":{"0":{"type":"branch","line":1,"loc":{"start":{"line":1,"column":30154},"end":{"line":834,"column":1}},"locations":[{"start":{"line":1,"column":30154},"end":{"line":834,"column":1}}]}},"b":{"0":[0]},"fnMap":{"0":{"name":"(empty-report)","decl":{"start":{"line":1,"column":30154},"end":{"line":834,"column":1}},"loc":{"start":{"line":1,"column":30154},"end":{"line":834,"column":1}},"line":1}},"f":{"0":0}}}}